|game|WaveMoonWave-Game-0-1-15595-Bfirst
|timestamp|2025-01-07T21:27:57.242Z
|player|p1|RandomBot2
|player|p2|RandomBot1
|gamestart
|p1|hidden|draw|5
|p2|hidden|draw|6
|turn|p1
|p1|hidden|draw|1
|yourmove|p1
|p1|play|5|p2
|p2|discard|6
|p2|hidden|draw|1
|turn|p2
|p2|hidden|draw|1
|yourmove|p2
|p2|play|1|7
|turn|p1
|p1|hidden|draw|2
|yourmove|p1
|p1|play|2
|p2|reveal|1
|turn|p2
|p2|hidden|draw|5
|yourmove|p2
|p2|play|5|p1
|p1|discard|1
|p1|hidden|draw|4
|turn|p1
|p1|hidden|draw|4
|yourmove|p1
|p1|play|4
|turn|p2
|p2|hidden|draw|1
|yourmove|p2
|p2|play|1
|turn|p1
|p1|hidden|draw|2
|yourmove|p1
|p1|play|4
|turn|p2
|p2|hidden|draw|1
|yourmove|p2
|p2|play|1
|turn|p1
|p1|hidden|draw|7
|yourmove|p1
|p1|play|7
|turn|p2
|p2|hidden|draw|3
|yourmove|p2
|p2|play|1|8
|turn|p1
|p1|hidden|draw|8
|yourmove|p1
|p1|play|2
|p2|reveal|3
|nodraw
|lose|p2|highest
|end|p1|win