|game|WaveMoonWave-Game-0-1-15578-Afirst
|timestamp|2025-01-07T21:27:53.328Z
|player|p1|RandomBot1
|player|p2|RandomBot2
|gamestart
|p1|hidden|draw|1
|p2|hidden|draw|7
|turn|p1
|p1|hidden|draw|1
|yourmove|p1
|p1|play|1|3
|turn|p2
|p2|hidden|draw|2
|yourmove|p2
|p2|play|7
|turn|p1
|p1|hidden|draw|5
|yourmove|p1
|p1|play|1|4
|turn|p2
|p2|hidden|draw|8
|yourmove|p2
|p2|play|2
|p1|reveal|5
|turn|p1
|p1|hidden|draw|1
|yourmove|p1
|p1|play|5|p1
|p1|discard|1
|p1|hidden|draw|2
|turn|p2
|p2|hidden|draw|3
|yourmove|p2
|p2|play|3
|lose|p1|baron
|end|p2|win