|game|WaveMoonWave-Game-0-1-15581-Afirst
|timestamp|2025-01-07T21:27:53.826Z
|player|p1|RandomBot1
|player|p2|RandomBot2
|gamestart
|p1|hidden|draw|6
|p2|hidden|draw|4
|turn|p1
|p1|hidden|draw|2
|yourmove|p1
|p1|play|2
|p2|reveal|4
|turn|p2
|p2|hidden|draw|5
|yourmove|p2
|p2|play|4
|turn|p1
|p1|hidden|draw|4
|yourmove|p1
|p1|play|6
|turn|p2
|p2|hidden|draw|1
|yourmove|p2
|p2|play|1|8
|turn|p1
|p1|hidden|draw|5
|yourmove|p1
|p1|play|5|p1
|p1|discard|4
|p1|hidden|draw|1
|turn|p2
|p2|hidden|draw|1
|yourmove|p2
|p2|play|5|p1
|p1|discard|1
|p1|hidden|draw|8
|turn|p1
|p1|hidden|draw|1
|yourmove|p1
|p1|play|1|2
|turn|p2
|p2|hidden|draw|3
|yourmove|p2
|p2|play|3
|lose|p2|baron
|end|p1|win