|game|WaveMoonWave-Game-0-1-15582-Afirst
|timestamp|2025-01-07T21:27:54.075Z
|player|p1|RandomBot1
|player|p2|RandomBot2
|gamestart
|p1|hidden|draw|2
|p2|hidden|draw|3
|turn|p1
|p1|hidden|draw|4
|yourmove|p1
|p1|play|4
|turn|p2
|p2|hidden|draw|5
|yourmove|p2
|p2|play|5|p2
|p2|discard|3
|p2|hidden|draw|3
|turn|p1
|p1|hidden|draw|1
|yourmove|p1
|p1|play|2
|p2|reveal|3
|turn|p2
|p2|hidden|draw|1
|yourmove|p2
|p2|play|3
|turn|p1
|p1|hidden|draw|6
|yourmove|p1
|p1|play|6
|swap|p1|p2|1|1
|turn|p2
|p2|hidden|draw|1
|yourmove|p2
|p2|play|1|6
|turn|p1
|p1|hidden|draw|5
|yourmove|p1
|p1|play|1|3
|turn|p2
|p2|hidden|draw|7
|yourmove|p2
|p2|play|7
|turn|p1
|p1|hidden|draw|1
|yourmove|p1
|p1|play|5|p2
|p2|discard|1
|p2|hidden|draw|4
|turn|p2
|p2|hidden|draw|2
|yourmove|p2
|p2|play|2
|p1|reveal|1
|turn|p1
|p1|hidden|draw|1
|yourmove|p1
|p1|play|1|5
|nodraw
|lose|p1|highest
|end|p2|win