|game|WaveMoonWave-Game-0-1-15583-Afirst
|timestamp|2025-01-07T21:27:54.344Z
|player|p1|RandomBot1
|player|p2|RandomBot2
|gamestart
|p1|hidden|draw|1
|p2|hidden|draw|2
|turn|p1
|p1|hidden|draw|1
|yourmove|p1
|p1|play|1|7
|turn|p2
|p2|hidden|draw|4
|yourmove|p2
|p2|play|2
|p1|reveal|1
|turn|p1
|p1|hidden|draw|1
|yourmove|p1
|p1|play|1|8
|turn|p2
|p2|hidden|draw|4
|yourmove|p2
|p2|play|4
|turn|p1
|p1|hidden|draw|3
|yourmove|p1
|p1|play|3
|turn|p2
|p2|hidden|draw|3
|yourmove|p2
|p2|play|3
|lose|p1|baron
|end|p2|win