|game|WaveMoonWave-Game-0-1-15623-Bfirst
|timestamp|2025-01-07T21:28:03.800Z
|player|p1|RandomBot2
|player|p2|RandomBot1
|gamestart
|p1|hidden|draw|1
|p2|hidden|draw|7
|turn|p1
|p1|hidden|draw|4
|yourmove|p1
|p1|play|4
|turn|p2
|p2|hidden|draw|4
|yourmove|p2
|p2|play|4
|turn|p1
|p1|hidden|draw|1
|yourmove|p1
|p1|play|1
|turn|p2
|p2|hidden|draw|3
|yourmove|p2
|p2|play|7
|turn|p1
|p1|hidden|draw|1
|yourmove|p1
|p1|play|1|7
|turn|p2
|p2|hidden|draw|8
|yourmove|p2
|p2|play|3
|lose|p1|baron
|end|p2|win