|game|WaveMoonWave-Game-0-1-15587-Bfirst
|timestamp|2025-01-07T21:27:55.363Z
|player|p1|RandomBot2
|player|p2|RandomBot1
|gamestart
|p1|hidden|draw|1
|p2|hidden|draw|1
|turn|p1
|p1|hidden|draw|1
|yourmove|p1
|p1|play|1|6
|turn|p2
|p2|hidden|draw|4
|yourmove|p2
|p2|play|1|2
|turn|p1
|p1|hidden|draw|8
|yourmove|p1
|p1|play|1|6
|turn|p2
|p2|hidden|draw|4
|yourmove|p2
|p2|play|4
|turn|p1
|p1|hidden|draw|3
|yourmove|p1
|p1|play|3
|turn|p2
|p2|hidden|draw|3
|yourmove|p2
|p2|play|3
|lose|p2|baron
|end|p1|win