|game|WaveMoonWave-Game-0-1-15576-Afirst
|timestamp|2025-01-07T21:27:52.790Z
|player|p1|RandomBot1
|player|p2|RandomBot2
|gamestart
|p1|hidden|draw|3
|p2|hidden|draw|8
|turn|p1
|p1|hidden|draw|1
|yourmove|p1
|p1|play|1|6
|turn|p2
|p2|hidden|draw|5
|yourmove|p2
|p2|play|5|p1
|p1|discard|3
|p1|hidden|draw|4
|turn|p1
|p1|hidden|draw|1
|yourmove|p1
|p1|play|4
|turn|p2
|p2|hidden|draw|1
|yourmove|p2
|p2|play|1
|turn|p1
|p1|hidden|draw|7
|yourmove|p1
|p1|play|7
|turn|p2
|p2|hidden|draw|2
|yourmove|p2
|p2|play|2
|p1|reveal|1
|turn|p1
|p1|hidden|draw|1
|yourmove|p1
|p1|play|1|4
|turn|p2
|p2|hidden|draw|4
|yourmove|p2
|p2|play|4
|turn|p1
|p1|hidden|draw|2
|yourmove|p1
|p1|play|2
|turn|p2
|p2|hidden|draw|1
|yourmove|p2
|p2|play|1|7
|turn|p1
|p1|hidden|draw|5
|yourmove|p1
|p1|play|5|p1
|p1|discard|1
|p1|hidden|draw|6
|nodraw
|lose|p1|highest
|end|p2|win