|game|WaveMoonWave-Game-0-1-15579-Afirst
|timestamp|2025-01-07T21:27:53.538Z
|player|p1|RandomBot1
|player|p2|RandomBot2
|gamestart
|p1|hidden|draw|5
|p2|hidden|draw|1
|turn|p1
|p1|hidden|draw|1
|yourmove|p1
|p1|play|1|6
|turn|p2
|p2|hidden|draw|4
|yourmove|p2
|p2|play|4
|turn|p1
|p1|hidden|draw|1
|yourmove|p1
|p1|play|1
|turn|p2
|p2|hidden|draw|6
|yourmove|p2
|p2|play|1|8
|turn|p1
|p1|hidden|draw|2
|yourmove|p1
|p1|play|2
|p2|reveal|6
|turn|p2
|p2|hidden|draw|1
|yourmove|p2
|p2|play|6
|swap|p2|p1|1|5
|turn|p1
|p1|hidden|draw|1
|yourmove|p1
|p1|play|1|5
|lose|p2|guard
|end|p1|win