|game|WaveMoonWave-Game-0-1-15620-Bfirst
|timestamp|2025-01-07T21:28:02.935Z
|player|p1|RandomBot2
|player|p2|RandomBot1
|gamestart
|p1|hidden|draw|1
|p2|hidden|draw|6
|turn|p1
|p1|hidden|draw|1
|yourmove|p1
|p1|play|1|4
|turn|p2
|p2|hidden|draw|1
|yourmove|p2
|p2|play|6
|swap|p2|p1|1|1
|turn|p1
|p1|hidden|draw|7
|yourmove|p1
|p1|play|1|8
|turn|p2
|p2|hidden|draw|4
|yourmove|p2
|p2|play|4
|turn|p1
|p1|hidden|draw|1
|yourmove|p1
|p1|play|7
|turn|p2
|p2|hidden|draw|1
|yourmove|p2
|p2|play|1|4
|turn|p1
|p1|hidden|draw|3
|yourmove|p1
|p1|play|3
|turn|p2
|p2|hidden|draw|4
|yourmove|p2
|p2|play|4
|turn|p1
|p1|hidden|draw|2
|yourmove|p1
|p1|play|2
|turn|p2
|p2|hidden|draw|3
|yourmove|p2
|p2|play|3
|turn|p1
|p1|hidden|draw|8
|yourmove|p1
|p1|play|1|3
|turn|p2
|p2|hidden|draw|2
|yourmove|p2
|p2|play|1|5
|turn|p1
|p1|hidden|draw|5
|yourmove|p1
|p1|play|5|p2
|p2|discard|2
|p2|hidden|draw|5
|nodraw
|lose|p2|highest
|end|p1|win