|game|WaveMoonWave-Game-0-1-15594-Bfirst
|timestamp|2025-01-07T21:27:56.950Z
|player|p1|RandomBot2
|player|p2|RandomBot1
|gamestart
|p1|hidden|draw|6
|p2|hidden|draw|2
|turn|p1
|p1|hidden|draw|4
|yourmove|p1
|p1|play|4
|turn|p2
|p2|hidden|draw|2
|yourmove|p2
|p2|play|2
|turn|p1
|p1|hidden|draw|1
|yourmove|p1
|p1|play|6
|swap|p1|p2|1|2
|turn|p2
|p2|hidden|draw|7
|yourmove|p2
|p2|play|1|6
|turn|p1
|p1|hidden|draw|1
|yourmove|p1
|p1|play|2
|p2|reveal|7
|turn|p2
|p2|hidden|draw|1
|yourmove|p2
|p2|play|7
|turn|p1
|p1|hidden|draw|5
|yourmove|p1
|p1|play|1|8
|turn|p2
|p2|hidden|draw|1
|yourmove|p2
|p2|play|1|3
|turn|p1
|p1|hidden|draw|4
|yourmove|p1
|p1|play|4
|turn|p2
|p2|hidden|draw|3
|yourmove|p2
|p2|play|1
|turn|p1
|p1|hidden|draw|3
|yourmove|p1
|p1|play|5|p1
|p1|discard|3
|p1|hidden|draw|5
|turn|p2
|p2|hidden|draw|1
|yourmove|p2
|p2|play|3
|lose|p2|baron
|end|p1|win