|game|WaveMoonWave-Game-0-1-15589-Afirst
|timestamp|2025-01-07T21:27:55.772Z
|player|p1|RandomBot1
|player|p2|RandomBot2
|gamestart
|p1|hidden|draw|5
|p2|hidden|draw|4
|turn|p1
|p1|hidden|draw|2
|yourmove|p1
|p1|play|2
|p2|reveal|4
|turn|p2
|p2|hidden|draw|4
|yourmove|p2
|p2|play|4
|turn|p1
|p1|hidden|draw|3
|yourmove|p1
|p1|play|3
|turn|p2
|p2|hidden|draw|5
|yourmove|p2
|p2|play|5|p1
|p1|discard|5
|p1|hidden|draw|1
|turn|p1
|p1|hidden|draw|2
|yourmove|p1
|p1|play|2
|p2|reveal|4
|turn|p2
|p2|hidden|draw|1
|yourmove|p2
|p2|play|1|4
|turn|p1
|p1|hidden|draw|1
|yourmove|p1
|p1|play|1|5
|turn|p2
|p2|hidden|draw|1
|yourmove|p2
|p2|play|1|8
|turn|p1
|p1|hidden|draw|7
|yourmove|p1
|p1|play|7
|turn|p2
|p2|hidden|draw|1
|yourmove|p2
|p2|play|1|5
|turn|p1
|p1|hidden|draw|3
|yourmove|p1
|p1|play|1|7
|turn|p2
|p2|hidden|draw|6
|yourmove|p2
|p2|play|6
|swap|p2|p1|4|3
|nodraw
|lose|p2|highest
|end|p1|win