|game|WaveMoonWave-Game-0-1-15616-Bfirst
|timestamp|2025-01-07T21:28:02.105Z
|player|p1|RandomBot2
|player|p2|RandomBot1
|gamestart
|p1|hidden|draw|7
|p2|hidden|draw|1
|turn|p1
|p1|hidden|draw|3
|yourmove|p1
|p1|play|7
|turn|p2
|p2|hidden|draw|8
|yourmove|p2
|p2|play|1|4
|turn|p1
|p1|hidden|draw|5
|yourmove|p1
|p1|play|5|p1
|p1|discard|3
|p1|hidden|draw|4
|turn|p2
|p2|hidden|draw|4
|yourmove|p2
|p2|play|4
|turn|p1
|p1|hidden|draw|1
|yourmove|p1
|p1|play|4
|turn|p2
|p2|hidden|draw|1
|yourmove|p2
|p2|play|1
|turn|p1
|p1|hidden|draw|2
|yourmove|p1
|p1|play|2
|p2|reveal|8
|turn|p2
|p2|hidden|draw|3
|yourmove|p2
|p2|play|3
|lose|p1|baron
|end|p2|win