|game|WaveMoonWave-Game-0-1-15596-Bfirst
|timestamp|2025-01-07T21:27:57.655Z
|player|p1|RandomBot2
|player|p2|RandomBot1
|gamestart
|p1|hidden|draw|1
|p2|hidden|draw|5
|turn|p1
|p1|hidden|draw|3
|yourmove|p1
|p1|play|1|4
|turn|p2
|p2|hidden|draw|1
|yourmove|p2
|p2|play|5|p1
|p1|discard|3
|p1|hidden|draw|4
|turn|p1
|p1|hidden|draw|7
|yourmove|p1
|p1|play|4
|turn|p2
|p2|hidden|draw|1
|yourmove|p2
|p2|play|1
|turn|p1
|p1|hidden|draw|8
|yourmove|p1
|p1|play|7
|turn|p2
|p2|hidden|draw|3
|yourmove|p2
|p2|play|1|8
|lose|p1|guard
|end|p2|win