|game|WaveMoonWave-Game-0-1-15596-Afirst
|timestamp|2025-01-07T21:27:57.490Z
|player|p1|RandomBot1
|player|p2|RandomBot2
|gamestart
|p1|hidden|draw|1
|p2|hidden|draw|1
|turn|p1
|p1|hidden|draw|4
|yourmove|p1
|p1|play|1|6
|turn|p2
|p2|hidden|draw|7
|yourmove|p2
|p2|play|1|5
|turn|p1
|p1|hidden|draw|1
|yourmove|p1
|p1|play|1|5
|turn|p2
|p2|hidden|draw|1
|yourmove|p2
|p2|play|7
|turn|p1
|p1|hidden|draw|2
|yourmove|p1
|p1|play|4
|turn|p2
|p2|hidden|draw|3
|yourmove|p2
|p2|play|1
|turn|p1
|p1|hidden|draw|2
|yourmove|p1
|p1|play|2
|p2|reveal|3
|turn|p2
|p2|hidden|draw|5
|yourmove|p2
|p2|play|3
|lose|p1|baron
|end|p2|win