|game|WaveMoonWave-Game-0-1-15594-Afirst
|timestamp|2025-01-07T21:27:56.720Z
|player|p1|RandomBot1
|player|p2|RandomBot2
|gamestart
|p1|hidden|draw|1
|p2|hidden|draw|5
|turn|p1
|p1|hidden|draw|4
|yourmove|p1
|p1|play|4
|turn|p2
|p2|hidden|draw|2
|yourmove|p2
|p2|play|2
|turn|p1
|p1|hidden|draw|1
|yourmove|p1
|p1|play|1|3
|turn|p2
|p2|hidden|draw|4
|yourmove|p2
|p2|play|4
|turn|p1
|p1|hidden|draw|1
|yourmove|p1
|p1|play|1
|turn|p2
|p2|hidden|draw|8
|yourmove|p2
|p2|play|5|p1
|p1|discard|1
|p1|hidden|draw|5
|turn|p1
|p1|hidden|draw|2
|yourmove|p1
|p1|play|5|p1
|p1|discard|2
|p1|hidden|draw|3
|turn|p2
|p2|hidden|draw|1
|yourmove|p2
|p2|play|1|6
|turn|p1
|p1|hidden|draw|6
|yourmove|p1
|p1|play|6
|swap|p1|p2|3|8
|turn|p2
|p2|hidden|draw|7
|yourmove|p2
|p2|play|7
|turn|p1
|p1|hidden|draw|3
|yourmove|p1
|p1|play|3
|lose|p2|baron
|end|p1|win