|game|WaveMoonWave-Game-0-1-15607-Bfirst
|timestamp|2025-01-07T21:28:00.537Z
|player|p1|RandomBot2
|player|p2|RandomBot1
|gamestart
|p1|hidden|draw|1
|p2|hidden|draw|5
|turn|p1
|p1|hidden|draw|7
|yourmove|p1
|p1|play|1|6
|turn|p2
|p2|hidden|draw|1
|yourmove|p2
|p2|play|1|6
|turn|p1
|p1|hidden|draw|1
|yourmove|p1
|p1|play|7
|turn|p2
|p2|hidden|draw|4
|yourmove|p2
|p2|play|5|p1
|p1|discard|1
|p1|hidden|draw|1
|turn|p1
|p1|hidden|draw|5
|yourmove|p1
|p1|play|1|8
|turn|p2
|p2|hidden|draw|6
|yourmove|p2
|p2|play|6
|swap|p2|p1|4|5
|turn|p1
|p1|hidden|draw|3
|yourmove|p1
|p1|play|3
|lose|p1|baron
|end|p2|win