|game|WaveMoonWave-Game-0-1-15600-Afirst
|timestamp|2025-01-07T21:27:58.651Z
|player|p1|RandomBot1
|player|p2|RandomBot2
|gamestart
|p1|hidden|draw|1
|p2|hidden|draw|3
|turn|p1
|p1|hidden|draw|1
|yourmove|p1
|p1|play|1|8
|turn|p2
|p2|hidden|draw|4
|yourmove|p2
|p2|play|4
|turn|p1
|p1|hidden|draw|7
|yourmove|p1
|p1|play|7
|turn|p2
|p2|hidden|draw|1
|yourmove|p2
|p2|play|3
|turn|p1
|p1|hidden|draw|8
|yourmove|p1
|p1|play|1|4
|turn|p2
|p2|hidden|draw|1
|yourmove|p2
|p2|play|1|8
|lose|p1|guard
|end|p2|win