|game|WaveMoonWave-Game-0-1-15598-Bfirst
|timestamp|2025-01-07T21:27:58.088Z
|player|p1|RandomBot2
|player|p2|RandomBot1
|gamestart
|p1|hidden|draw|2
|p2|hidden|draw|7
|turn|p1
|p1|hidden|draw|5
|yourmove|p1
|p1|play|2
|p2|reveal|7
|turn|p2
|p2|hidden|draw|1
|yourmove|p2
|p2|play|7
|turn|p1
|p1|hidden|draw|2
|yourmove|p1
|p1|play|5|p1
|p1|discard|2
|p1|hidden|draw|1
|turn|p2
|p2|hidden|draw|1
|yourmove|p2
|p2|play|1|4
|turn|p1
|p1|hidden|draw|6
|yourmove|p1
|p1|play|1|3
|turn|p2
|p2|hidden|draw|4
|yourmove|p2
|p2|play|1|8
|turn|p1
|p1|hidden|draw|1
|yourmove|p1
|p1|play|1|3
|turn|p2
|p2|hidden|draw|5
|yourmove|p2
|p2|play|5|p2
|p2|discard|4
|p2|hidden|draw|1
|turn|p1
|p1|hidden|draw|4
|yourmove|p1
|p1|play|6
|swap|p1|p2|4|1
|turn|p2
|p2|hidden|draw|8
|yourmove|p2
|p2|play|4
|turn|p1
|p1|hidden|draw|3
|yourmove|p1
|p1|play|3
|nodraw
|lose|p1|highest
|end|p2|win