|game|WaveMoonWave-Game-0-1-15605-Bfirst
|timestamp|2025-01-07T21:28:00.075Z
|player|p1|RandomBot2
|player|p2|RandomBot1
|gamestart
|p1|hidden|draw|3
|p2|hidden|draw|1
|turn|p1
|p1|hidden|draw|1
|yourmove|p1
|p1|play|1|6
|turn|p2
|p2|hidden|draw|4
|yourmove|p2
|p2|play|4
|turn|p1
|p1|hidden|draw|4
|yourmove|p1
|p1|play|4
|turn|p2
|p2|hidden|draw|5
|yourmove|p2
|p2|play|5|p2
|p2|discard|1
|p2|hidden|draw|2
|turn|p1
|p1|hidden|draw|1
|yourmove|p1
|p1|play|1|8
|turn|p2
|p2|hidden|draw|2
|yourmove|p2
|p2|play|2
|p1|reveal|3
|turn|p1
|p1|hidden|draw|8
|yourmove|p1
|p1|play|3
|lose|p2|baron
|end|p1|win