|game|WaveMoonWave-Game-0-1-15615-Afirst
|timestamp|2025-01-07T21:28:01.813Z
|player|p1|RandomBot1
|player|p2|RandomBot2
|gamestart
|p1|hidden|draw|5
|p2|hidden|draw|5
|turn|p1
|p1|hidden|draw|1
|yourmove|p1
|p1|play|5|p1
|p1|discard|1
|p1|hidden|draw|2
|turn|p2
|p2|hidden|draw|1
|yourmove|p2
|p2|play|5|p2
|p2|discard|1
|p2|hidden|draw|2
|turn|p1
|p1|hidden|draw|7
|yourmove|p1
|p1|play|2
|p2|reveal|2
|turn|p2
|p2|hidden|draw|4
|yourmove|p2
|p2|play|4
|turn|p1
|p1|hidden|draw|3
|yourmove|p1
|p1|play|7
|turn|p2
|p2|hidden|draw|1
|yourmove|p2
|p2|play|2
|p1|reveal|3
|turn|p1
|p1|hidden|draw|8
|yourmove|p1
|p1|play|3
|lose|p2|baron
|end|p1|win